0 info it worked if it ends with ok
1 verbose cli [ 'C:\\Program Files\\nodejs\\node.exe',
1 verbose cli   'C:\\Program Files\\nodejs\\node_modules\\npm\\bin\\npm-cli.js',
1 verbose cli   'start' ]
2 info using npm@3.10.3
3 info using node@v6.5.0
4 verbose run-script [ 'prestart', 'start', 'poststart' ]
5 info lifecycle bi_gateway@1.0.0~prestart: bi_gateway@1.0.0
6 silly lifecycle bi_gateway@1.0.0~prestart: no script for prestart, continuing
7 info lifecycle bi_gateway@1.0.0~start: bi_gateway@1.0.0
8 verbose lifecycle bi_gateway@1.0.0~start: unsafe-perm in lifecycle true
9 verbose lifecycle bi_gateway@1.0.0~start: PATH: C:\Program Files\nodejs\node_modules\npm\bin\node-gyp-bin;e:\Rajamanickam\GitHub\BI-Gateway\node_modules\.bin;C:\Program Files\nodejs;C:\ProgramData\Oracle\Java\javapath;C:\WINDOWS\system32;C:\WINDOWS;C:\WINDOWS\System32\Wbem;C:\WINDOWS\System32\WindowsPowerShell\v1.0\;c:\Program Files (x86)\Microsoft SQL Server\110\Tools\Binn\ManagementStudio\;c:\Program Files (x86)\Microsoft SQL Server\110\Tools\Binn\;c:\Program Files\Microsoft SQL Server\110\Tools\Binn\;c:\Program Files (x86)\Microsoft SQL Server\110\DTS\Binn\;c:\Program Files\Microsoft SQL Server\110\DTS\Binn\;C:\Program Files\Microsoft SQL Server\130\Tools\Binn\;C:\Program Files\dotnet\;C:\Program Files\Git\cmd;C:\Program Files\Microsoft\Web Platform Installer\;C:\Program Files (x86)\Skype\Phone\;C:\Program Files\PostgreSQL\pg95\bin;C:\Program Files\nodejs\;;C:\Program Files (x86)\Microsoft VS Code Insiders\bin;C:\Program Files (x86)\Microsoft VS Code\bin;C:\Users\rajamanickam.r\AppData\Roaming\npm
10 verbose lifecycle bi_gateway@1.0.0~start: CWD: e:\Rajamanickam\GitHub\BI-Gateway
11 silly lifecycle bi_gateway@1.0.0~start: Args: [ '/d /s /c', 'node live_data_api.js' ]
12 silly lifecycle bi_gateway@1.0.0~start: Returned: code: 1  signal: null
13 info lifecycle bi_gateway@1.0.0~start: Failed to exec start script
14 verbose stack Error: bi_gateway@1.0.0 start: `node live_data_api.js`
14 verbose stack Exit status 1
14 verbose stack     at EventEmitter.<anonymous> (C:\Program Files\nodejs\node_modules\npm\lib\utils\lifecycle.js:242:16)
14 verbose stack     at emitTwo (events.js:106:13)
14 verbose stack     at EventEmitter.emit (events.js:191:7)
14 verbose stack     at ChildProcess.<anonymous> (C:\Program Files\nodejs\node_modules\npm\lib\utils\spawn.js:40:14)
14 verbose stack     at emitTwo (events.js:106:13)
14 verbose stack     at ChildProcess.emit (events.js:191:7)
14 verbose stack     at maybeClose (internal/child_process.js:877:16)
14 verbose stack     at Process.ChildProcess._handle.onexit (internal/child_process.js:226:5)
15 verbose pkgid bi_gateway@1.0.0
16 verbose cwd e:\Rajamanickam\GitHub\BI-Gateway\routes
17 error Windows_NT 10.0.10586
18 error argv "C:\\Program Files\\nodejs\\node.exe" "C:\\Program Files\\nodejs\\node_modules\\npm\\bin\\npm-cli.js" "start"
19 error node v6.5.0
20 error npm  v3.10.3
21 error code ELIFECYCLE
22 error bi_gateway@1.0.0 start: `node live_data_api.js`
22 error Exit status 1
23 error Failed at the bi_gateway@1.0.0 start script 'node live_data_api.js'.
23 error Make sure you have the latest version of node.js and npm installed.
23 error If you do, this is most likely a problem with the bi_gateway package,
23 error not with npm itself.
23 error Tell the author that this fails on your system:
23 error     node live_data_api.js
23 error You can get information on how to open an issue for this project with:
23 error     npm bugs bi_gateway
23 error Or if that isn't available, you can get their info via:
23 error     npm owner ls bi_gateway
23 error There is likely additional logging output above.
24 verbose exit [ 1, true ]
